{"level":"info","message":"Initializing Relayer Service...","timestamp":"2025-11-13T07:03:30.946Z"}
{"error":"connect ECONNREFUSED 127.0.0.1:8545","level":"error","message":"Failed to start relayer","stack":"Error: connect ECONNREFUSED 127.0.0.1:8545\n    at TCPConnectWrap.afterConnect [as oncomplete] (node:net:1637:16)","timestamp":"2025-11-13T07:03:31.035Z"}
{"level":"info","message":"Initializing Relayer Service...","timestamp":"2025-11-13T07:05:09.823Z"}
{"address":"0xf39Fd6e51aad88F6F4ce6aB8827279cffFb92266","level":"info","message":"RelayService initialized","nonce":0,"timestamp":"2025-11-13T07:05:09.918Z"}
{"address":"0xf39Fd6e51aad88F6F4ce6aB8827279cffFb92266","balance":"10000.0 ETH","level":"info","message":"Relayer initialized","nonce":0,"timestamp":"2025-11-13T07:05:09.935Z"}
{"level":"info","message":"Relayer service running on port 3001","timestamp":"2025-11-13T07:05:09.941Z"}
{"level":"info","message":"Health check: http://localhost:3001/health","timestamp":"2025-11-13T07:05:09.941Z"}
{"level":"info","message":"Info endpoint: http://localhost:3001/info","timestamp":"2025-11-13T07:05:09.941Z"}
{"level":"info","message":"Submit endpoint: http://localhost:3001/api/v1/submit","timestamp":"2025-11-13T07:05:09.941Z"}
{"level":"info","message":"Status endpoint: http://localhost:3001/api/v1/status/:txId","timestamp":"2025-11-13T07:05:09.942Z"}
{"level":"info","message":"Queue stats: http://localhost:3001/api/v1/queue/stats","timestamp":"2025-11-13T07:05:09.942Z"}
{"level":"info","message":"Initializing Relayer Service...","timestamp":"2025-11-13T07:05:13.734Z"}
{"address":"0xf39Fd6e51aad88F6F4ce6aB8827279cffFb92266","level":"info","message":"RelayService initialized","nonce":0,"timestamp":"2025-11-13T07:05:13.813Z"}
{"address":"0xf39Fd6e51aad88F6F4ce6aB8827279cffFb92266","balance":"10000.0 ETH","level":"info","message":"Relayer initialized","nonce":0,"timestamp":"2025-11-13T07:05:13.832Z"}
{"level":"info","message":"Relayer service running on port 3001","timestamp":"2025-11-13T07:05:13.838Z"}
{"level":"info","message":"Health check: http://localhost:3001/health","timestamp":"2025-11-13T07:05:13.839Z"}
{"level":"info","message":"Info endpoint: http://localhost:3001/info","timestamp":"2025-11-13T07:05:13.839Z"}
{"level":"info","message":"Submit endpoint: http://localhost:3001/api/v1/submit","timestamp":"2025-11-13T07:05:13.839Z"}
{"level":"info","message":"Status endpoint: http://localhost:3001/api/v1/status/:txId","timestamp":"2025-11-13T07:05:13.839Z"}
{"level":"info","message":"Queue stats: http://localhost:3001/api/v1/queue/stats","timestamp":"2025-11-13T07:05:13.840Z"}
{"level":"info","message":"Initializing Relayer Service...","timestamp":"2025-11-13T07:05:15.209Z"}
{"address":"0xf39Fd6e51aad88F6F4ce6aB8827279cffFb92266","level":"info","message":"RelayService initialized","nonce":0,"timestamp":"2025-11-13T07:05:15.291Z"}
{"address":"0xf39Fd6e51aad88F6F4ce6aB8827279cffFb92266","balance":"10000.0 ETH","level":"info","message":"Relayer initialized","nonce":0,"timestamp":"2025-11-13T07:05:15.315Z"}
{"level":"info","message":"Relayer service running on port 3001","timestamp":"2025-11-13T07:05:15.321Z"}
{"level":"info","message":"Health check: http://localhost:3001/health","timestamp":"2025-11-13T07:05:15.321Z"}
{"level":"info","message":"Info endpoint: http://localhost:3001/info","timestamp":"2025-11-13T07:05:15.321Z"}
{"level":"info","message":"Submit endpoint: http://localhost:3001/api/v1/submit","timestamp":"2025-11-13T07:05:15.321Z"}
{"level":"info","message":"Status endpoint: http://localhost:3001/api/v1/status/:txId","timestamp":"2025-11-13T07:05:15.321Z"}
{"level":"info","message":"Queue stats: http://localhost:3001/api/v1/queue/stats","timestamp":"2025-11-13T07:05:15.322Z"}
{"level":"info","message":"Initializing Relayer Service...","timestamp":"2025-11-13T07:05:16.793Z"}
{"address":"0xf39Fd6e51aad88F6F4ce6aB8827279cffFb92266","level":"info","message":"RelayService initialized","nonce":0,"timestamp":"2025-11-13T07:05:16.877Z"}
{"address":"0xf39Fd6e51aad88F6F4ce6aB8827279cffFb92266","balance":"10000.0 ETH","level":"info","message":"Relayer initialized","nonce":0,"timestamp":"2025-11-13T07:05:16.902Z"}
{"level":"info","message":"Relayer service running on port 3001","timestamp":"2025-11-13T07:05:16.906Z"}
{"level":"info","message":"Health check: http://localhost:3001/health","timestamp":"2025-11-13T07:05:16.907Z"}
{"level":"info","message":"Info endpoint: http://localhost:3001/info","timestamp":"2025-11-13T07:05:16.907Z"}
{"level":"info","message":"Submit endpoint: http://localhost:3001/api/v1/submit","timestamp":"2025-11-13T07:05:16.907Z"}
{"level":"info","message":"Status endpoint: http://localhost:3001/api/v1/status/:txId","timestamp":"2025-11-13T07:05:16.907Z"}
{"level":"info","message":"Queue stats: http://localhost:3001/api/v1/queue/stats","timestamp":"2025-11-13T07:05:16.908Z"}
{"level":"info","message":"Initializing Relayer Service...","timestamp":"2025-11-13T07:05:18.065Z"}
{"address":"0xf39Fd6e51aad88F6F4ce6aB8827279cffFb92266","level":"info","message":"RelayService initialized","nonce":0,"timestamp":"2025-11-13T07:05:18.154Z"}
{"address":"0xf39Fd6e51aad88F6F4ce6aB8827279cffFb92266","balance":"10000.0 ETH","level":"info","message":"Relayer initialized","nonce":0,"timestamp":"2025-11-13T07:05:18.177Z"}
{"level":"info","message":"Relayer service running on port 3001","timestamp":"2025-11-13T07:05:18.183Z"}
{"level":"info","message":"Health check: http://localhost:3001/health","timestamp":"2025-11-13T07:05:18.183Z"}
{"level":"info","message":"Info endpoint: http://localhost:3001/info","timestamp":"2025-11-13T07:05:18.184Z"}
{"level":"info","message":"Submit endpoint: http://localhost:3001/api/v1/submit","timestamp":"2025-11-13T07:05:18.184Z"}
{"level":"info","message":"Status endpoint: http://localhost:3001/api/v1/status/:txId","timestamp":"2025-11-13T07:05:18.184Z"}
{"level":"info","message":"Queue stats: http://localhost:3001/api/v1/queue/stats","timestamp":"2025-11-13T07:05:18.184Z"}
{"level":"info","message":"Initializing Relayer Service...","timestamp":"2025-11-13T07:05:20.681Z"}
{"address":"0xf39Fd6e51aad88F6F4ce6aB8827279cffFb92266","level":"info","message":"RelayService initialized","nonce":0,"timestamp":"2025-11-13T07:05:20.770Z"}
{"address":"0xf39Fd6e51aad88F6F4ce6aB8827279cffFb92266","balance":"10000.0 ETH","level":"info","message":"Relayer initialized","nonce":0,"timestamp":"2025-11-13T07:05:20.801Z"}
{"level":"info","message":"Relayer service running on port 3001","timestamp":"2025-11-13T07:05:20.813Z"}
{"level":"info","message":"Health check: http://localhost:3001/health","timestamp":"2025-11-13T07:05:20.813Z"}
{"level":"info","message":"Info endpoint: http://localhost:3001/info","timestamp":"2025-11-13T07:05:20.813Z"}
{"level":"info","message":"Submit endpoint: http://localhost:3001/api/v1/submit","timestamp":"2025-11-13T07:05:20.813Z"}
{"level":"info","message":"Status endpoint: http://localhost:3001/api/v1/status/:txId","timestamp":"2025-11-13T07:05:20.813Z"}
{"level":"info","message":"Queue stats: http://localhost:3001/api/v1/queue/stats","timestamp":"2025-11-13T07:05:20.814Z"}
{"level":"info","message":"Initializing Relayer Service...","timestamp":"2025-11-13T07:05:21.931Z"}
{"address":"0xf39Fd6e51aad88F6F4ce6aB8827279cffFb92266","level":"info","message":"RelayService initialized","nonce":0,"timestamp":"2025-11-13T07:05:22.014Z"}
{"address":"0xf39Fd6e51aad88F6F4ce6aB8827279cffFb92266","balance":"10000.0 ETH","level":"info","message":"Relayer initialized","nonce":0,"timestamp":"2025-11-13T07:05:22.035Z"}
{"level":"info","message":"Relayer service running on port 3001","timestamp":"2025-11-13T07:05:22.040Z"}
{"level":"info","message":"Health check: http://localhost:3001/health","timestamp":"2025-11-13T07:05:22.041Z"}
{"level":"info","message":"Info endpoint: http://localhost:3001/info","timestamp":"2025-11-13T07:05:22.041Z"}
{"level":"info","message":"Submit endpoint: http://localhost:3001/api/v1/submit","timestamp":"2025-11-13T07:05:22.041Z"}
{"level":"info","message":"Status endpoint: http://localhost:3001/api/v1/status/:txId","timestamp":"2025-11-13T07:05:22.041Z"}
{"level":"info","message":"Queue stats: http://localhost:3001/api/v1/queue/stats","timestamp":"2025-11-13T07:05:22.042Z"}
{"level":"info","message":"Initializing Relayer Service...","timestamp":"2025-11-13T07:05:23.573Z"}
{"address":"0xf39Fd6e51aad88F6F4ce6aB8827279cffFb92266","level":"info","message":"RelayService initialized","nonce":0,"timestamp":"2025-11-13T07:05:23.643Z"}
{"address":"0xf39Fd6e51aad88F6F4ce6aB8827279cffFb92266","balance":"10000.0 ETH","level":"info","message":"Relayer initialized","nonce":0,"timestamp":"2025-11-13T07:05:23.669Z"}
{"level":"info","message":"Relayer service running on port 3001","timestamp":"2025-11-13T07:05:23.675Z"}
{"level":"info","message":"Health check: http://localhost:3001/health","timestamp":"2025-11-13T07:05:23.675Z"}
{"level":"info","message":"Info endpoint: http://localhost:3001/info","timestamp":"2025-11-13T07:05:23.675Z"}
{"level":"info","message":"Submit endpoint: http://localhost:3001/api/v1/submit","timestamp":"2025-11-13T07:05:23.675Z"}
{"level":"info","message":"Status endpoint: http://localhost:3001/api/v1/status/:txId","timestamp":"2025-11-13T07:05:23.676Z"}
{"level":"info","message":"Queue stats: http://localhost:3001/api/v1/queue/stats","timestamp":"2025-11-13T07:05:23.676Z"}
{"level":"info","message":"Initializing Relayer Service...","timestamp":"2025-11-13T07:05:26.356Z"}
{"address":"0xf39Fd6e51aad88F6F4ce6aB8827279cffFb92266","level":"info","message":"RelayService initialized","nonce":0,"timestamp":"2025-11-13T07:05:26.444Z"}
{"address":"0xf39Fd6e51aad88F6F4ce6aB8827279cffFb92266","balance":"10000.0 ETH","level":"info","message":"Relayer initialized","nonce":0,"timestamp":"2025-11-13T07:05:26.471Z"}
{"level":"info","message":"Relayer service running on port 3001","timestamp":"2025-11-13T07:05:26.480Z"}
{"level":"info","message":"Health check: http://localhost:3001/health","timestamp":"2025-11-13T07:05:26.480Z"}
{"level":"info","message":"Info endpoint: http://localhost:3001/info","timestamp":"2025-11-13T07:05:26.481Z"}
{"level":"info","message":"Submit endpoint: http://localhost:3001/api/v1/submit","timestamp":"2025-11-13T07:05:26.481Z"}
{"level":"info","message":"Status endpoint: http://localhost:3001/api/v1/status/:txId","timestamp":"2025-11-13T07:05:26.481Z"}
{"level":"info","message":"Queue stats: http://localhost:3001/api/v1/queue/stats","timestamp":"2025-11-13T07:05:26.482Z"}
{"level":"info","message":"Initializing Relayer Service...","timestamp":"2025-11-13T07:05:27.471Z"}
{"address":"0xf39Fd6e51aad88F6F4ce6aB8827279cffFb92266","level":"info","message":"RelayService initialized","nonce":0,"timestamp":"2025-11-13T07:05:27.548Z"}
{"address":"0xf39Fd6e51aad88F6F4ce6aB8827279cffFb92266","balance":"10000.0 ETH","level":"info","message":"Relayer initialized","nonce":0,"timestamp":"2025-11-13T07:05:27.580Z"}
{"level":"info","message":"Relayer service running on port 3001","timestamp":"2025-11-13T07:05:27.596Z"}
{"level":"info","message":"Health check: http://localhost:3001/health","timestamp":"2025-11-13T07:05:27.597Z"}
{"level":"info","message":"Info endpoint: http://localhost:3001/info","timestamp":"2025-11-13T07:05:27.598Z"}
{"level":"info","message":"Submit endpoint: http://localhost:3001/api/v1/submit","timestamp":"2025-11-13T07:05:27.598Z"}
{"level":"info","message":"Status endpoint: http://localhost:3001/api/v1/status/:txId","timestamp":"2025-11-13T07:05:27.599Z"}
{"level":"info","message":"Queue stats: http://localhost:3001/api/v1/queue/stats","timestamp":"2025-11-13T07:05:27.599Z"}
{"level":"info","message":"Initializing Relayer Service...","timestamp":"2025-11-13T07:05:30.897Z"}
{"address":"0xf39Fd6e51aad88F6F4ce6aB8827279cffFb92266","level":"info","message":"RelayService initialized","nonce":0,"timestamp":"2025-11-13T07:05:30.971Z"}
{"address":"0xf39Fd6e51aad88F6F4ce6aB8827279cffFb92266","balance":"10000.0 ETH","level":"info","message":"Relayer initialized","nonce":0,"timestamp":"2025-11-13T07:05:30.999Z"}
{"level":"info","message":"Relayer service running on port 3001","timestamp":"2025-11-13T07:05:31.005Z"}
{"level":"info","message":"Health check: http://localhost:3001/health","timestamp":"2025-11-13T07:05:31.005Z"}
{"level":"info","message":"Info endpoint: http://localhost:3001/info","timestamp":"2025-11-13T07:05:31.005Z"}
{"level":"info","message":"Submit endpoint: http://localhost:3001/api/v1/submit","timestamp":"2025-11-13T07:05:31.005Z"}
{"level":"info","message":"Status endpoint: http://localhost:3001/api/v1/status/:txId","timestamp":"2025-11-13T07:05:31.006Z"}
{"level":"info","message":"Queue stats: http://localhost:3001/api/v1/queue/stats","timestamp":"2025-11-13T07:05:31.006Z"}
{"level":"info","message":"Initializing Relayer Service...","timestamp":"2025-11-13T07:05:32.455Z"}
{"address":"0xf39Fd6e51aad88F6F4ce6aB8827279cffFb92266","level":"info","message":"RelayService initialized","nonce":0,"timestamp":"2025-11-13T07:05:32.539Z"}
{"address":"0xf39Fd6e51aad88F6F4ce6aB8827279cffFb92266","balance":"10000.0 ETH","level":"info","message":"Relayer initialized","nonce":0,"timestamp":"2025-11-13T07:05:32.573Z"}
{"level":"info","message":"Relayer service running on port 3001","timestamp":"2025-11-13T07:05:32.591Z"}
{"level":"info","message":"Health check: http://localhost:3001/health","timestamp":"2025-11-13T07:05:32.592Z"}
{"level":"info","message":"Info endpoint: http://localhost:3001/info","timestamp":"2025-11-13T07:05:32.592Z"}
{"level":"info","message":"Submit endpoint: http://localhost:3001/api/v1/submit","timestamp":"2025-11-13T07:05:32.593Z"}
{"level":"info","message":"Status endpoint: http://localhost:3001/api/v1/status/:txId","timestamp":"2025-11-13T07:05:32.593Z"}
{"level":"info","message":"Queue stats: http://localhost:3001/api/v1/queue/stats","timestamp":"2025-11-13T07:05:32.594Z"}
{"level":"info","message":"Initializing Relayer Service...","timestamp":"2025-11-13T07:17:13.060Z"}
{"address":"0xf39Fd6e51aad88F6F4ce6aB8827279cffFb92266","level":"info","message":"RelayService initialized","nonce":0,"timestamp":"2025-11-13T07:17:13.146Z"}
{"address":"0xf39Fd6e51aad88F6F4ce6aB8827279cffFb92266","balance":"10000.0 ETH","level":"info","message":"Relayer initialized","nonce":0,"timestamp":"2025-11-13T07:17:13.162Z"}
{"level":"info","message":"Relayer service running on port 3001","timestamp":"2025-11-13T07:17:13.168Z"}
{"level":"info","message":"Health check: http://localhost:3001/health","timestamp":"2025-11-13T07:17:13.169Z"}
{"level":"info","message":"Info endpoint: http://localhost:3001/info","timestamp":"2025-11-13T07:17:13.170Z"}
{"level":"info","message":"Submit endpoint: http://localhost:3001/api/v1/submit","timestamp":"2025-11-13T07:17:13.170Z"}
{"level":"info","message":"Status endpoint: http://localhost:3001/api/v1/status/:txId","timestamp":"2025-11-13T07:17:13.171Z"}
{"level":"info","message":"Queue stats: http://localhost:3001/api/v1/queue/stats","timestamp":"2025-11-13T07:17:13.171Z"}
{"level":"info","message":"Initializing Relayer Service...","timestamp":"2025-11-13T07:17:19.762Z"}
{"address":"0xf39Fd6e51aad88F6F4ce6aB8827279cffFb92266","level":"info","message":"RelayService initialized","nonce":0,"timestamp":"2025-11-13T07:17:19.835Z"}
{"address":"0xf39Fd6e51aad88F6F4ce6aB8827279cffFb92266","balance":"10000.0 ETH","level":"info","message":"Relayer initialized","nonce":0,"timestamp":"2025-11-13T07:17:19.858Z"}
{"level":"info","message":"Relayer service running on port 3001","timestamp":"2025-11-13T07:17:19.864Z"}
{"level":"info","message":"Health check: http://localhost:3001/health","timestamp":"2025-11-13T07:17:19.864Z"}
{"level":"info","message":"Info endpoint: http://localhost:3001/info","timestamp":"2025-11-13T07:17:19.864Z"}
{"level":"info","message":"Submit endpoint: http://localhost:3001/api/v1/submit","timestamp":"2025-11-13T07:17:19.864Z"}
{"level":"info","message":"Status endpoint: http://localhost:3001/api/v1/status/:txId","timestamp":"2025-11-13T07:17:19.865Z"}
{"level":"info","message":"Queue stats: http://localhost:3001/api/v1/queue/stats","timestamp":"2025-11-13T07:17:19.865Z"}
{"duration":"44ms","ip":"::1","level":"info","message":"HTTP Request","method":"GET","path":"/health","status":200,"timestamp":"2025-11-13T07:17:34.567Z"}
{"duration":"22ms","ip":"::1","level":"info","message":"HTTP Request","method":"GET","path":"/info","status":200,"timestamp":"2025-11-13T07:18:17.287Z"}
{"level":"info","message":"Received relay request","priority":"standard","request":{"amount":"0.1","from":"0xf39Fd6e51aad88F6F4ce6aB8827279cffFb92266","to":"0x70997970C51812dc3A010C7d01b50e0d17dc79C8","type":"transfer"},"timestamp":"2025-11-13T07:18:29.742Z"}
{"id":"tx_1763018309742_q3sefgz7m","level":"info","message":"Transaction enqueued","priority":5,"queueSize":1,"timestamp":"2025-11-13T07:18:29.742Z"}
{"id":"tx_1763018309742_q3sefgz7m","level":"info","message":"Transaction marked as processing","timestamp":"2025-11-13T07:18:29.744Z"}
{"level":"info","message":"Relaying transaction","priority":"standard","request":{"amount":"0.1","from":"0xf39Fd6e51aad88F6F4ce6aB8827279cffFb92266","to":"0x70997970C51812dc3A010C7d01b50e0d17dc79C8","type":"transfer"},"timestamp":"2025-11-13T07:18:29.747Z"}
{"gasPrice":"3300000000","level":"info","message":"Transaction sent","nonce":0,"timestamp":"2025-11-13T07:18:29.940Z","txHash":"0x7b69aa22568a136001d5365003bd0a730124454924b9b89b8154be7c89992e62"}
{"gasPrice":"0","id":"tx_1763018309742_q3sefgz7m","level":"info","message":"Transaction submitted","nonce":0,"timestamp":"2025-11-13T07:18:29.941Z","txHash":"0x7b69aa22568a136001d5365003bd0a730124454924b9b89b8154be7c89992e62"}
{"duration":"202ms","ip":"::1","level":"info","message":"HTTP Request","method":"POST","path":"/api/v1/submit","status":200,"timestamp":"2025-11-13T07:18:29.943Z"}
{"level":"info","message":"Received relay request","priority":"fast","request":{"amount":"0.2","from":"0xf39Fd6e51aad88F6F4ce6aB8827279cffFb92266","priority":"fast","to":"0x70997970C51812dc3A010C7d01b50e0d17dc79C8","type":"transfer"},"timestamp":"2025-11-13T07:18:36.878Z"}
{"id":"tx_1763018316880_72lsz3scs","level":"info","message":"Transaction enqueued","priority":7,"queueSize":2,"timestamp":"2025-11-13T07:18:36.880Z"}
{"id":"tx_1763018316880_72lsz3scs","level":"info","message":"Transaction marked as processing","timestamp":"2025-11-13T07:18:36.881Z"}
{"level":"info","message":"Relaying transaction","priority":"fast","request":{"amount":"0.2","from":"0xf39Fd6e51aad88F6F4ce6aB8827279cffFb92266","priority":"fast","to":"0x70997970C51812dc3A010C7d01b50e0d17dc79C8","type":"transfer"},"timestamp":"2025-11-13T07:18:36.885Z"}
{"gasPrice":"3960000000","level":"info","message":"Transaction sent","nonce":1,"timestamp":"2025-11-13T07:18:36.963Z","txHash":"0x468dab21921870c3902b8b47efe9c67e070325b0875b51db34c2b0ffb4c161d1"}
{"gasPrice":"0","id":"tx_1763018316880_72lsz3scs","level":"info","message":"Transaction submitted","nonce":0,"timestamp":"2025-11-13T07:18:36.964Z","txHash":"0x468dab21921870c3902b8b47efe9c67e070325b0875b51db34c2b0ffb4c161d1"}
{"duration":"89ms","ip":"::1","level":"info","message":"HTTP Request","method":"POST","path":"/api/v1/submit","status":200,"timestamp":"2025-11-13T07:18:36.966Z"}
{"duration":"1ms","ip":"::1","level":"info","message":"HTTP Request","method":"GET","path":"/api/v1/status/tx_1763018316880_72lsz3scs","status":200,"timestamp":"2025-11-13T07:20:12.071Z"}
{"duration":"1ms","ip":"::1","level":"info","message":"HTTP Request","method":"GET","path":"/api/v1/queue/stats","status":200,"timestamp":"2025-11-13T07:20:42.067Z"}
{"level":"info","message":"Received relay request","priority":"standard","request":{"amount":"0.01","from":"0xf39Fd6e51aad88F6F4ce6aB8827279cffFb92266","to":"0x70997970C51812dc3A010C7d01b50e0d17dc79C8","type":"transfer"},"timestamp":"2025-11-13T07:20:49.485Z"}
{"id":"tx_1763018449486_aalvvoyu3","level":"info","message":"Transaction enqueued","priority":5,"queueSize":3,"timestamp":"2025-11-13T07:20:49.486Z"}
{"id":"tx_1763018449486_aalvvoyu3","level":"info","message":"Transaction marked as processing","timestamp":"2025-11-13T07:20:49.488Z"}
{"level":"info","message":"Relaying transaction","priority":"standard","request":{"amount":"0.01","from":"0xf39Fd6e51aad88F6F4ce6aB8827279cffFb92266","to":"0x70997970C51812dc3A010C7d01b50e0d17dc79C8","type":"transfer"},"timestamp":"2025-11-13T07:20:49.492Z"}
{"gasPrice":"2784711875","level":"info","message":"Transaction sent","nonce":2,"timestamp":"2025-11-13T07:20:49.620Z","txHash":"0x208f006375ec2e92e2f9dd8be5c24f9e8f6c144dd9596d9c04c238a4b971c828"}
{"gasPrice":"0","id":"tx_1763018449486_aalvvoyu3","level":"info","message":"Transaction submitted","nonce":0,"timestamp":"2025-11-13T07:20:49.620Z","txHash":"0x208f006375ec2e92e2f9dd8be5c24f9e8f6c144dd9596d9c04c238a4b971c828"}
{"duration":"137ms","ip":"::1","level":"info","message":"HTTP Request","method":"POST","path":"/api/v1/submit","status":200,"timestamp":"2025-11-13T07:20:49.622Z"}
{"level":"info","message":"Received relay request","priority":"standard","request":{"amount":"0.01","from":"0xf39Fd6e51aad88F6F4ce6aB8827279cffFb92266","to":"0x70997970C51812dc3A010C7d01b50e0d17dc79C8","type":"transfer"},"timestamp":"2025-11-13T07:20:49.643Z"}
{"id":"tx_1763018449644_u1582s1os","level":"info","message":"Transaction enqueued","priority":5,"queueSize":4,"timestamp":"2025-11-13T07:20:49.644Z"}
{"id":"tx_1763018449644_u1582s1os","level":"info","message":"Transaction marked as processing","timestamp":"2025-11-13T07:20:49.645Z"}
{"level":"info","message":"Relaying transaction","priority":"standard","request":{"amount":"0.01","from":"0xf39Fd6e51aad88F6F4ce6aB8827279cffFb92266","to":"0x70997970C51812dc3A010C7d01b50e0d17dc79C8","type":"transfer"},"timestamp":"2025-11-13T07:20:49.646Z"}
{"gasPrice":"2784711875","level":"info","message":"Transaction sent","nonce":3,"timestamp":"2025-11-13T07:20:49.708Z","txHash":"0xa422b53b1d2e39e559995e4b0378a1529d57f2213e8b1e9623426452fe65b3d7"}
{"gasPrice":"0","id":"tx_1763018449644_u1582s1os","level":"info","message":"Transaction submitted","nonce":0,"timestamp":"2025-11-13T07:20:49.708Z","txHash":"0xa422b53b1d2e39e559995e4b0378a1529d57f2213e8b1e9623426452fe65b3d7"}
{"duration":"67ms","ip":"::1","level":"info","message":"HTTP Request","method":"POST","path":"/api/v1/submit","status":200,"timestamp":"2025-11-13T07:20:49.710Z"}
{"level":"info","message":"Received relay request","priority":"standard","request":{"amount":"0.01","from":"0xf39Fd6e51aad88F6F4ce6aB8827279cffFb92266","to":"0x70997970C51812dc3A010C7d01b50e0d17dc79C8","type":"transfer"},"timestamp":"2025-11-13T07:20:49.741Z"}
{"id":"tx_1763018449742_3lip85bhk","level":"info","message":"Transaction enqueued","priority":5,"queueSize":5,"timestamp":"2025-11-13T07:20:49.742Z"}
{"id":"tx_1763018449742_3lip85bhk","level":"info","message":"Transaction marked as processing","timestamp":"2025-11-13T07:20:49.742Z"}
{"level":"info","message":"Relaying transaction","priority":"standard","request":{"amount":"0.01","from":"0xf39Fd6e51aad88F6F4ce6aB8827279cffFb92266","to":"0x70997970C51812dc3A010C7d01b50e0d17dc79C8","type":"transfer"},"timestamp":"2025-11-13T07:20:49.744Z"}
{"gasPrice":"2784711875","level":"info","message":"Transaction sent","nonce":4,"timestamp":"2025-11-13T07:20:49.805Z","txHash":"0xda818316b65ef9cd433433c973c90b1011626a5789e98fdb0136c549d6e78389"}
{"gasPrice":"0","id":"tx_1763018449742_3lip85bhk","level":"info","message":"Transaction submitted","nonce":0,"timestamp":"2025-11-13T07:20:49.806Z","txHash":"0xda818316b65ef9cd433433c973c90b1011626a5789e98fdb0136c549d6e78389"}
{"duration":"67ms","ip":"::1","level":"info","message":"HTTP Request","method":"POST","path":"/api/v1/submit","status":200,"timestamp":"2025-11-13T07:20:49.808Z"}
{"level":"info","message":"Received relay request","priority":"standard","request":{"amount":"0.01","from":"0xf39Fd6e51aad88F6F4ce6aB8827279cffFb92266","to":"0x70997970C51812dc3A010C7d01b50e0d17dc79C8","type":"transfer"},"timestamp":"2025-11-13T07:20:49.836Z"}
{"id":"tx_1763018449837_fih49l4rm","level":"info","message":"Transaction enqueued","priority":5,"queueSize":6,"timestamp":"2025-11-13T07:20:49.837Z"}
{"id":"tx_1763018449837_fih49l4rm","level":"info","message":"Transaction marked as processing","timestamp":"2025-11-13T07:20:49.838Z"}
{"level":"info","message":"Relaying transaction","priority":"standard","request":{"amount":"0.01","from":"0xf39Fd6e51aad88F6F4ce6aB8827279cffFb92266","to":"0x70997970C51812dc3A010C7d01b50e0d17dc79C8","type":"transfer"},"timestamp":"2025-11-13T07:20:49.839Z"}
{"gasPrice":"2784711875","level":"info","message":"Transaction sent","nonce":5,"timestamp":"2025-11-13T07:20:49.927Z","txHash":"0xca42ec7832333e19485a245226921b6f9f9e85f1a6abb754361aab920818bf22"}
{"gasPrice":"0","id":"tx_1763018449837_fih49l4rm","level":"info","message":"Transaction submitted","nonce":0,"timestamp":"2025-11-13T07:20:49.928Z","txHash":"0xca42ec7832333e19485a245226921b6f9f9e85f1a6abb754361aab920818bf22"}
{"duration":"93ms","ip":"::1","level":"info","message":"HTTP Request","method":"POST","path":"/api/v1/submit","status":200,"timestamp":"2025-11-13T07:20:49.929Z"}
{"level":"info","message":"Received relay request","priority":"standard","request":{"amount":"0.01","from":"0xf39Fd6e51aad88F6F4ce6aB8827279cffFb92266","to":"0x70997970C51812dc3A010C7d01b50e0d17dc79C8","type":"transfer"},"timestamp":"2025-11-13T07:20:49.947Z"}
{"id":"tx_1763018449947_yt2exzcj7","level":"info","message":"Transaction enqueued","priority":5,"queueSize":7,"timestamp":"2025-11-13T07:20:49.947Z"}
{"id":"tx_1763018449947_yt2exzcj7","level":"info","message":"Transaction marked as processing","timestamp":"2025-11-13T07:20:49.948Z"}
{"level":"info","message":"Relaying transaction","priority":"standard","request":{"amount":"0.01","from":"0xf39Fd6e51aad88F6F4ce6aB8827279cffFb92266","to":"0x70997970C51812dc3A010C7d01b50e0d17dc79C8","type":"transfer"},"timestamp":"2025-11-13T07:20:49.948Z"}
{"gasPrice":"2784711875","level":"info","message":"Transaction sent","nonce":6,"timestamp":"2025-11-13T07:20:50.021Z","txHash":"0x5f2d2480ca934e6965445c815b9d94035f7c9358547dcefb1565365352469046"}
{"gasPrice":"0","id":"tx_1763018449947_yt2exzcj7","level":"info","message":"Transaction submitted","nonce":0,"timestamp":"2025-11-13T07:20:50.021Z","txHash":"0x5f2d2480ca934e6965445c815b9d94035f7c9358547dcefb1565365352469046"}
{"duration":"76ms","ip":"::1","level":"info","message":"HTTP Request","method":"POST","path":"/api/v1/submit","status":200,"timestamp":"2025-11-13T07:20:50.023Z"}
{"amount":"0.01","key":"::1","level":"warn","message":"Spam detected","timestamp":"2025-11-13T07:20:50.040Z","to":"0x70997970C51812dc3A010C7d01b50e0d17dc79C8"}
{"duration":"1ms","ip":"::1","level":"info","message":"HTTP Request","method":"POST","path":"/","status":429,"timestamp":"2025-11-13T07:20:50.041Z"}
{"amount":"0.01","key":"::1","level":"warn","message":"Spam detected","timestamp":"2025-11-13T07:20:50.058Z","to":"0x70997970C51812dc3A010C7d01b50e0d17dc79C8"}
{"duration":"1ms","ip":"::1","level":"info","message":"HTTP Request","method":"POST","path":"/","status":429,"timestamp":"2025-11-13T07:20:50.059Z"}
{"amount":"0.01","key":"::1","level":"warn","message":"Spam detected","timestamp":"2025-11-13T07:20:50.081Z","to":"0x70997970C51812dc3A010C7d01b50e0d17dc79C8"}
{"duration":"1ms","ip":"::1","level":"info","message":"HTTP Request","method":"POST","path":"/","status":429,"timestamp":"2025-11-13T07:20:50.082Z"}
{"amount":"0.01","key":"::1","level":"warn","message":"Spam detected","timestamp":"2025-11-13T07:20:50.094Z","to":"0x70997970C51812dc3A010C7d01b50e0d17dc79C8"}
{"duration":"1ms","ip":"::1","level":"info","message":"HTTP Request","method":"POST","path":"/","status":429,"timestamp":"2025-11-13T07:20:50.095Z"}
{"amount":"0.01","key":"::1","level":"warn","message":"Spam detected","timestamp":"2025-11-13T07:20:50.106Z","to":"0x70997970C51812dc3A010C7d01b50e0d17dc79C8"}
{"duration":"1ms","ip":"::1","level":"info","message":"HTTP Request","method":"POST","path":"/","status":429,"timestamp":"2025-11-13T07:20:50.107Z"}
{"count":11,"key":"::1","level":"warn","message":"Rate limit exceeded","resetIn":60,"timestamp":"2025-11-13T07:20:50.125Z"}
{"duration":"0ms","ip":"::1","level":"info","message":"HTTP Request","method":"POST","path":"/","status":429,"timestamp":"2025-11-13T07:20:50.125Z"}
{"count":12,"key":"::1","level":"warn","message":"Rate limit exceeded","resetIn":60,"timestamp":"2025-11-13T07:20:50.137Z"}
{"duration":"1ms","ip":"::1","level":"info","message":"HTTP Request","method":"POST","path":"/","status":429,"timestamp":"2025-11-13T07:20:50.138Z"}
{"count":13,"key":"::1","level":"warn","message":"Rate limit exceeded","resetIn":60,"timestamp":"2025-11-13T07:20:50.156Z"}
{"duration":"0ms","ip":"::1","level":"info","message":"HTTP Request","method":"POST","path":"/","status":429,"timestamp":"2025-11-13T07:20:50.156Z"}
{"count":14,"key":"::1","level":"warn","message":"Rate limit exceeded","resetIn":60,"timestamp":"2025-11-13T07:20:50.169Z"}
{"duration":"1ms","ip":"::1","level":"info","message":"HTTP Request","method":"POST","path":"/","status":429,"timestamp":"2025-11-13T07:20:50.170Z"}
{"count":15,"key":"::1","level":"warn","message":"Rate limit exceeded","resetIn":60,"timestamp":"2025-11-13T07:20:50.187Z"}
{"duration":"1ms","ip":"::1","level":"info","message":"HTTP Request","method":"POST","path":"/","status":429,"timestamp":"2025-11-13T07:20:50.188Z"}
{"count":16,"key":"::1","level":"warn","message":"Rate limit exceeded","resetIn":53,"timestamp":"2025-11-13T07:20:57.081Z"}
{"duration":"1ms","ip":"::1","level":"info","message":"HTTP Request","method":"POST","path":"/","status":429,"timestamp":"2025-11-13T07:20:57.082Z"}
{"count":17,"key":"::1","level":"warn","message":"Rate limit exceeded","resetIn":53,"timestamp":"2025-11-13T07:20:57.098Z"}
{"duration":"1ms","ip":"::1","level":"info","message":"HTTP Request","method":"POST","path":"/","status":429,"timestamp":"2025-11-13T07:20:57.099Z"}
{"count":18,"key":"::1","level":"warn","message":"Rate limit exceeded","resetIn":53,"timestamp":"2025-11-13T07:20:57.115Z"}
{"duration":"0ms","ip":"::1","level":"info","message":"HTTP Request","method":"POST","path":"/","status":429,"timestamp":"2025-11-13T07:20:57.115Z"}
{"count":19,"key":"::1","level":"warn","message":"Rate limit exceeded","resetIn":53,"timestamp":"2025-11-13T07:20:57.131Z"}
{"duration":"1ms","ip":"::1","level":"info","message":"HTTP Request","method":"POST","path":"/","status":429,"timestamp":"2025-11-13T07:20:57.132Z"}
{"count":20,"key":"::1","level":"warn","message":"Rate limit exceeded","resetIn":53,"timestamp":"2025-11-13T07:20:57.152Z"}
{"duration":"1ms","ip":"::1","level":"info","message":"HTTP Request","method":"POST","path":"/","status":429,"timestamp":"2025-11-13T07:20:57.153Z"}
{"count":21,"key":"::1","level":"warn","message":"Rate limit exceeded","resetIn":53,"timestamp":"2025-11-13T07:20:57.166Z"}
{"duration":"2ms","ip":"::1","level":"info","message":"HTTP Request","method":"POST","path":"/","status":429,"timestamp":"2025-11-13T07:20:57.167Z"}
{"count":22,"key":"::1","level":"warn","message":"Rate limit exceeded","resetIn":45,"timestamp":"2025-11-13T07:21:05.471Z"}
{"duration":"1ms","ip":"::1","level":"info","message":"HTTP Request","method":"POST","path":"/","status":429,"timestamp":"2025-11-13T07:21:05.471Z"}
{"count":23,"key":"::1","level":"warn","message":"Rate limit exceeded","resetIn":39,"timestamp":"2025-11-13T07:21:10.547Z"}
{"duration":"1ms","ip":"::1","level":"info","message":"HTTP Request","method":"POST","path":"/","status":429,"timestamp":"2025-11-13T07:21:10.548Z"}
{"count":24,"key":"::1","level":"warn","message":"Rate limit exceeded","resetIn":33,"timestamp":"2025-11-13T07:21:16.603Z"}
{"duration":"31313ms","ip":"::1","level":"info","message":"HTTP Request","method":"POST","path":"/","status":429,"timestamp":"2025-11-13T07:21:47.916Z"}
{"level":"info","message":"Initializing Relayer Service...","timestamp":"2025-11-13T07:22:42.838Z"}
{"address":"0xf39Fd6e51aad88F6F4ce6aB8827279cffFb92266","level":"info","message":"RelayService initialized","nonce":7,"timestamp":"2025-11-13T07:22:42.919Z"}
{"address":"0xf39Fd6e51aad88F6F4ce6aB8827279cffFb92266","balance":"9999.649763682118025 ETH","level":"info","message":"Relayer initialized","nonce":7,"timestamp":"2025-11-13T07:22:42.942Z"}
{"level":"info","message":"Relayer service running on port 3001","timestamp":"2025-11-13T07:22:42.948Z"}
{"level":"info","message":"Health check: http://localhost:3001/health","timestamp":"2025-11-13T07:22:42.948Z"}
{"level":"info","message":"Info endpoint: http://localhost:3001/info","timestamp":"2025-11-13T07:22:42.949Z"}
{"level":"info","message":"Submit endpoint: http://localhost:3001/api/v1/submit","timestamp":"2025-11-13T07:22:42.949Z"}
{"level":"info","message":"Status endpoint: http://localhost:3001/api/v1/status/:txId","timestamp":"2025-11-13T07:22:42.949Z"}
{"level":"info","message":"Queue stats: http://localhost:3001/api/v1/queue/stats","timestamp":"2025-11-13T07:22:42.949Z"}
{"duration":"36ms","ip":"::1","level":"info","message":"HTTP Request","method":"GET","path":"/health","status":200,"timestamp":"2025-11-13T07:22:56.100Z"}
{"duration":"27ms","ip":"::1","level":"info","message":"HTTP Request","method":"GET","path":"/info","status":200,"timestamp":"2025-11-13T07:23:18.281Z"}
{"level":"info","message":"Received relay request","priority":"standard","request":{"amount":"0.1","from":"0xf39Fd6e51aad88F6F4ce6aB8827279cffFb92266","to":"0x70997970C51812dc3A010C7d01b50e0d17dc79C8","type":"transfer"},"timestamp":"2025-11-13T07:23:36.738Z"}
{"id":"tx_1763018616739_1scqaqyy4","level":"info","message":"Transaction enqueued","priority":5,"queueSize":1,"timestamp":"2025-11-13T07:23:36.739Z"}
{"id":"tx_1763018616739_1scqaqyy4","level":"info","message":"Transaction marked as processing","timestamp":"2025-11-13T07:23:36.741Z"}
{"level":"info","message":"Relaying transaction","priority":"standard","request":{"amount":"0.1","from":"0xf39Fd6e51aad88F6F4ce6aB8827279cffFb92266","to":"0x70997970C51812dc3A010C7d01b50e0d17dc79C8","type":"transfer"},"timestamp":"2025-11-13T07:23:36.741Z"}
{"gasPrice":"1964968227","level":"info","message":"Transaction sent","nonce":7,"timestamp":"2025-11-13T07:23:36.892Z","txHash":"0xde682eff518e55ad613b31be17a984fb909f5508263f394ecf847ad2a07c8c5c"}
{"gasPrice":"0","id":"tx_1763018616739_1scqaqyy4","level":"info","message":"Transaction submitted","nonce":0,"timestamp":"2025-11-13T07:23:36.897Z","txHash":"0xde682eff518e55ad613b31be17a984fb909f5508263f394ecf847ad2a07c8c5c"}
{"duration":"162ms","ip":"::1","level":"info","message":"HTTP Request","method":"POST","path":"/api/v1/submit","status":200,"timestamp":"2025-11-13T07:23:36.899Z"}
{"level":"info","message":"Initializing Relayer Service...","timestamp":"2025-11-13T07:23:45.000Z"}
{"address":"0xf39Fd6e51aad88F6F4ce6aB8827279cffFb92266","level":"info","message":"RelayService initialized","nonce":8,"timestamp":"2025-11-13T07:23:45.084Z"}
{"address":"0xf39Fd6e51aad88F6F4ce6aB8827279cffFb92266","balance":"9999.549735456222586 ETH","level":"info","message":"Relayer initialized","nonce":8,"timestamp":"2025-11-13T07:23:45.107Z"}
{"level":"info","message":"Relayer service running on port 3001","timestamp":"2025-11-13T07:23:45.113Z"}
{"level":"info","message":"Health check: http://localhost:3001/health","timestamp":"2025-11-13T07:23:45.113Z"}
{"level":"info","message":"Info endpoint: http://localhost:3001/info","timestamp":"2025-11-13T07:23:45.113Z"}
{"level":"info","message":"Submit endpoint: http://localhost:3001/api/v1/submit","timestamp":"2025-11-13T07:23:45.113Z"}
{"level":"info","message":"Status endpoint: http://localhost:3001/api/v1/status/:txId","timestamp":"2025-11-13T07:23:45.114Z"}
{"level":"info","message":"Queue stats: http://localhost:3001/api/v1/queue/stats","timestamp":"2025-11-13T07:23:45.114Z"}
{"level":"info","message":"Received relay request","priority":"standard","request":{"amount":"0.1","from":"0xf39Fd6e51aad88F6F4ce6aB8827279cffFb92266","to":"0x70997970C51812dc3A010C7d01b50e0d17dc79C8","type":"transfer"},"timestamp":"2025-11-13T07:23:46.653Z"}
{"id":"tx_1763018626653_bcerl5bjv","level":"info","message":"Transaction enqueued","priority":5,"queueSize":1,"timestamp":"2025-11-13T07:23:46.654Z"}
{"id":"tx_1763018626653_bcerl5bjv","level":"info","message":"Transaction marked as processing","timestamp":"2025-11-13T07:23:46.654Z"}
{"level":"info","message":"Relaying transaction","priority":"standard","request":{"amount":"0.1","from":"0xf39Fd6e51aad88F6F4ce6aB8827279cffFb92266","to":"0x70997970C51812dc3A010C7d01b50e0d17dc79C8","type":"transfer"},"timestamp":"2025-11-13T07:23:46.655Z"}
{"gasPrice":"1856998569","level":"info","message":"Transaction sent","nonce":8,"timestamp":"2025-11-13T07:23:46.801Z","txHash":"0xf73de7bebc6f427ea0301c3613646210b243d9ac9c655bd6560475732183fd55"}
{"gasPrice":"0","id":"tx_1763018626653_bcerl5bjv","level":"info","message":"Transaction submitted","nonce":0,"timestamp":"2025-11-13T07:23:46.801Z","txHash":"0xf73de7bebc6f427ea0301c3613646210b243d9ac9c655bd6560475732183fd55"}
{"duration":"152ms","ip":"::1","level":"info","message":"HTTP Request","method":"POST","path":"/api/v1/submit","status":200,"timestamp":"2025-11-13T07:23:46.804Z"}
{"level":"info","message":"Initializing Relayer Service...","timestamp":"2025-11-13T07:23:57.922Z"}
{"address":"0xf39Fd6e51aad88F6F4ce6aB8827279cffFb92266","level":"info","message":"RelayService initialized","nonce":9,"timestamp":"2025-11-13T07:23:57.992Z"}
{"address":"0xf39Fd6e51aad88F6F4ce6aB8827279cffFb92266","balance":"9999.449708132299533 ETH","level":"info","message":"Relayer initialized","nonce":9,"timestamp":"2025-11-13T07:23:58.015Z"}
{"level":"info","message":"Relayer service running on port 3001","timestamp":"2025-11-13T07:23:58.021Z"}
{"level":"info","message":"Health check: http://localhost:3001/health","timestamp":"2025-11-13T07:23:58.021Z"}
{"level":"info","message":"Info endpoint: http://localhost:3001/info","timestamp":"2025-11-13T07:23:58.021Z"}
{"level":"info","message":"Submit endpoint: http://localhost:3001/api/v1/submit","timestamp":"2025-11-13T07:23:58.021Z"}
{"level":"info","message":"Status endpoint: http://localhost:3001/api/v1/status/:txId","timestamp":"2025-11-13T07:23:58.022Z"}
{"level":"info","message":"Queue stats: http://localhost:3001/api/v1/queue/stats","timestamp":"2025-11-13T07:23:58.022Z"}
{"level":"info","message":"Received relay request","priority":"standard","request":{"amount":"0.1","from":"0xf39Fd6e51aad88F6F4ce6aB8827279cffFb92266","to":"0x70997970C51812dc3A010C7d01b50e0d17dc79C8","type":"transfer"},"timestamp":"2025-11-13T07:24:02.522Z"}
{"id":"tx_1763018642523_a36ld7x7x","level":"info","message":"Transaction enqueued","priority":5,"queueSize":1,"timestamp":"2025-11-13T07:24:02.523Z"}
{"id":"tx_1763018642523_a36ld7x7x","level":"info","message":"Transaction marked as processing","timestamp":"2025-11-13T07:24:02.523Z"}
{"level":"info","message":"Relaying transaction","priority":"standard","request":{"amount":"0.1","from":"0xf39Fd6e51aad88F6F4ce6aB8827279cffFb92266","to":"0x70997970C51812dc3A010C7d01b50e0d17dc79C8","type":"transfer"},"timestamp":"2025-11-13T07:24:02.523Z"}
{"gasPrice":"1762506224","level":"info","message":"Transaction sent","nonce":9,"timestamp":"2025-11-13T07:24:02.699Z","txHash":"0x0d6221160daaf99fe23a614e92c523904c623695ccb7dedf29d5bcb15d9b47de"}
{"gasPrice":"0","id":"tx_1763018642523_a36ld7x7x","level":"info","message":"Transaction submitted","nonce":0,"timestamp":"2025-11-13T07:24:02.700Z","txHash":"0x0d6221160daaf99fe23a614e92c523904c623695ccb7dedf29d5bcb15d9b47de"}
{"duration":"182ms","ip":"::1","level":"info","message":"HTTP Request","method":"POST","path":"/api/v1/submit","status":200,"timestamp":"2025-11-13T07:24:02.702Z"}
{"level":"info","message":"Initializing Relayer Service...","timestamp":"2025-11-13T07:24:27.376Z"}
{"address":"0xf39Fd6e51aad88F6F4ce6aB8827279cffFb92266","level":"info","message":"RelayService initialized","nonce":10,"timestamp":"2025-11-13T07:24:27.450Z"}
{"address":"0xf39Fd6e51aad88F6F4ce6aB8827279cffFb92266","balance":"9999.349681597760159 ETH","level":"info","message":"Relayer initialized","nonce":10,"timestamp":"2025-11-13T07:24:27.474Z"}
{"level":"info","message":"Relayer service running on port 3001","timestamp":"2025-11-13T07:24:27.479Z"}
{"level":"info","message":"Health check: http://localhost:3001/health","timestamp":"2025-11-13T07:24:27.480Z"}
{"level":"info","message":"Info endpoint: http://localhost:3001/info","timestamp":"2025-11-13T07:24:27.480Z"}
{"level":"info","message":"Submit endpoint: http://localhost:3001/api/v1/submit","timestamp":"2025-11-13T07:24:27.480Z"}
{"level":"info","message":"Status endpoint: http://localhost:3001/api/v1/status/:txId","timestamp":"2025-11-13T07:24:27.480Z"}
{"level":"info","message":"Queue stats: http://localhost:3001/api/v1/queue/stats","timestamp":"2025-11-13T07:24:27.480Z"}
{"level":"info","message":"Received relay request","priority":"fast","request":{"amount":"0.2","from":"0xf39Fd6e51aad88F6F4ce6aB8827279cffFb92266","priority":"fast","to":"0x70997970C51812dc3A010C7d01b50e0d17dc79C8","type":"transfer"},"timestamp":"2025-11-13T07:24:32.861Z"}
{"id":"tx_1763018672862_anpv3e3a0","level":"info","message":"Transaction enqueued","priority":7,"queueSize":1,"timestamp":"2025-11-13T07:24:32.862Z"}
{"id":"tx_1763018672862_anpv3e3a0","level":"info","message":"Transaction marked as processing","timestamp":"2025-11-13T07:24:32.862Z"}
{"level":"info","message":"Relaying transaction","priority":"fast","request":{"amount":"0.2","from":"0xf39Fd6e51aad88F6F4ce6aB8827279cffFb92266","priority":"fast","to":"0x70997970C51812dc3A010C7d01b50e0d17dc79C8","type":"transfer"},"timestamp":"2025-11-13T07:24:32.863Z"}
{"gasPrice":"2015770663","level":"info","message":"Transaction sent","nonce":10,"timestamp":"2025-11-13T07:24:33.007Z","txHash":"0x9c261c960d31a180a2bbcab9eb90cf3ab4b638347d26f64062cf5f38b2e88eb9"}
{"gasPrice":"0","id":"tx_1763018672862_anpv3e3a0","level":"info","message":"Transaction submitted","nonce":0,"timestamp":"2025-11-13T07:24:33.007Z","txHash":"0x9c261c960d31a180a2bbcab9eb90cf3ab4b638347d26f64062cf5f38b2e88eb9"}
{"duration":"152ms","ip":"::1","level":"info","message":"HTTP Request","method":"POST","path":"/api/v1/submit","status":200,"timestamp":"2025-11-13T07:24:33.011Z"}
{"level":"info","message":"Initializing Relayer Service...","timestamp":"2025-11-13T07:25:10.627Z"}
{"address":"0xf39Fd6e51aad88F6F4ce6aB8827279cffFb92266","level":"info","message":"RelayService initialized","nonce":11,"timestamp":"2025-11-13T07:25:10.698Z"}
{"address":"0xf39Fd6e51aad88F6F4ce6aB8827279cffFb92266","balance":"9999.14965575406965 ETH","level":"info","message":"Relayer initialized","nonce":11,"timestamp":"2025-11-13T07:25:10.720Z"}
{"level":"info","message":"Relayer service running on port 3001","timestamp":"2025-11-13T07:25:10.726Z"}
{"level":"info","message":"Health check: http://localhost:3001/health","timestamp":"2025-11-13T07:25:10.726Z"}
{"level":"info","message":"Info endpoint: http://localhost:3001/info","timestamp":"2025-11-13T07:25:10.727Z"}
{"level":"info","message":"Submit endpoint: http://localhost:3001/api/v1/submit","timestamp":"2025-11-13T07:25:10.727Z"}
{"level":"info","message":"Status endpoint: http://localhost:3001/api/v1/status/:txId","timestamp":"2025-11-13T07:25:10.727Z"}
{"level":"info","message":"Queue stats: http://localhost:3001/api/v1/queue/stats","timestamp":"2025-11-13T07:25:10.727Z"}
{"duration":"2ms","ip":"::1","level":"info","message":"HTTP Request","method":"GET","path":"/api/v1/status/tx_1763018316880_72lsz3scs","status":404,"timestamp":"2025-11-13T07:25:34.351Z"}
{"level":"info","message":"Initializing Relayer Service...","timestamp":"2025-11-13T07:25:50.468Z"}
{"address":"0xf39Fd6e51aad88F6F4ce6aB8827279cffFb92266","level":"info","message":"RelayService initialized","nonce":11,"timestamp":"2025-11-13T07:25:50.539Z"}
{"address":"0xf39Fd6e51aad88F6F4ce6aB8827279cffFb92266","balance":"9999.14965575406965 ETH","level":"info","message":"Relayer initialized","nonce":11,"timestamp":"2025-11-13T07:25:50.564Z"}
{"level":"info","message":"Relayer service running on port 3001","timestamp":"2025-11-13T07:25:50.569Z"}
{"level":"info","message":"Health check: http://localhost:3001/health","timestamp":"2025-11-13T07:25:50.569Z"}
{"level":"info","message":"Info endpoint: http://localhost:3001/info","timestamp":"2025-11-13T07:25:50.569Z"}
{"level":"info","message":"Submit endpoint: http://localhost:3001/api/v1/submit","timestamp":"2025-11-13T07:25:50.570Z"}
{"level":"info","message":"Status endpoint: http://localhost:3001/api/v1/status/:txId","timestamp":"2025-11-13T07:25:50.570Z"}
{"level":"info","message":"Queue stats: http://localhost:3001/api/v1/queue/stats","timestamp":"2025-11-13T07:25:50.570Z"}
{"duration":"3ms","ip":"::1","level":"info","message":"HTTP Request","method":"GET","path":"/api/v1/status/tx_1763018316880_72lsz3scs","status":404,"timestamp":"2025-11-13T07:25:54.093Z"}
{"duration":"1ms","ip":"::1","level":"info","message":"HTTP Request","method":"GET","path":"/api/v1/queue/stats","status":200,"timestamp":"2025-11-13T07:26:43.700Z"}
{"level":"info","message":"Received relay request","priority":"standard","request":{"amount":"0.01","from":"0xf39Fd6e51aad88F6F4ce6aB8827279cffFb92266","to":"0x70997970C51812dc3A010C7d01b50e0d17dc79C8","type":"transfer"},"timestamp":"2025-11-13T07:26:58.263Z"}
{"id":"tx_1763018818264_v6aphf9o1","level":"info","message":"Transaction enqueued","priority":5,"queueSize":1,"timestamp":"2025-11-13T07:26:58.264Z"}
{"id":"tx_1763018818264_v6aphf9o1","level":"info","message":"Transaction marked as processing","timestamp":"2025-11-13T07:26:58.264Z"}
{"level":"info","message":"Relaying transaction","priority":"standard","request":{"amount":"0.01","from":"0xf39Fd6e51aad88F6F4ce6aB8827279cffFb92266","to":"0x70997970C51812dc3A010C7d01b50e0d17dc79C8","type":"transfer"},"timestamp":"2025-11-13T07:26:58.265Z"}
{"gasPrice":"1607434243","level":"info","message":"Transaction sent","nonce":11,"timestamp":"2025-11-13T07:26:58.405Z","txHash":"0x9f4402b2e74e873877527c747287a6d72434524d33ea266ec5bd8d4167ecf375"}
{"gasPrice":"0","id":"tx_1763018818264_v6aphf9o1","level":"info","message":"Transaction submitted","nonce":0,"timestamp":"2025-11-13T07:26:58.405Z","txHash":"0x9f4402b2e74e873877527c747287a6d72434524d33ea266ec5bd8d4167ecf375"}
{"duration":"148ms","ip":"::1","level":"info","message":"HTTP Request","method":"POST","path":"/api/v1/submit","status":200,"timestamp":"2025-11-13T07:26:58.411Z"}
{"level":"info","message":"Received relay request","priority":"standard","request":{"amount":"0.01","from":"0xf39Fd6e51aad88F6F4ce6aB8827279cffFb92266","to":"0x70997970C51812dc3A010C7d01b50e0d17dc79C8","type":"transfer"},"timestamp":"2025-11-13T07:26:58.425Z"}
{"id":"tx_1763018818427_bnukqw0bz","level":"info","message":"Transaction enqueued","priority":5,"queueSize":2,"timestamp":"2025-11-13T07:26:58.427Z"}
{"id":"tx_1763018818427_bnukqw0bz","level":"info","message":"Transaction marked as processing","timestamp":"2025-11-13T07:26:58.430Z"}
{"level":"info","message":"Relaying transaction","priority":"standard","request":{"amount":"0.01","from":"0xf39Fd6e51aad88F6F4ce6aB8827279cffFb92266","to":"0x70997970C51812dc3A010C7d01b50e0d17dc79C8","type":"transfer"},"timestamp":"2025-11-13T07:26:58.431Z"}
{"gasPrice":"1607434243","level":"info","message":"Transaction sent","nonce":12,"timestamp":"2025-11-13T07:26:58.497Z","txHash":"0xbafc5d4b121147d6aa9c1cacbafac490db03042279847bd490fa2b1c9463a248"}
{"gasPrice":"0","id":"tx_1763018818427_bnukqw0bz","level":"info","message":"Transaction submitted","nonce":0,"timestamp":"2025-11-13T07:26:58.497Z","txHash":"0xbafc5d4b121147d6aa9c1cacbafac490db03042279847bd490fa2b1c9463a248"}
{"duration":"74ms","ip":"::1","level":"info","message":"HTTP Request","method":"POST","path":"/api/v1/submit","status":200,"timestamp":"2025-11-13T07:26:58.499Z"}
{"level":"info","message":"Received relay request","priority":"standard","request":{"amount":"0.01","from":"0xf39Fd6e51aad88F6F4ce6aB8827279cffFb92266","to":"0x70997970C51812dc3A010C7d01b50e0d17dc79C8","type":"transfer"},"timestamp":"2025-11-13T07:26:58.514Z"}
{"id":"tx_1763018818514_jnk4nv4rr","level":"info","message":"Transaction enqueued","priority":5,"queueSize":3,"timestamp":"2025-11-13T07:26:58.514Z"}
{"id":"tx_1763018818514_jnk4nv4rr","level":"info","message":"Transaction marked as processing","timestamp":"2025-11-13T07:26:58.515Z"}
{"level":"info","message":"Relaying transaction","priority":"standard","request":{"amount":"0.01","from":"0xf39Fd6e51aad88F6F4ce6aB8827279cffFb92266","to":"0x70997970C51812dc3A010C7d01b50e0d17dc79C8","type":"transfer"},"timestamp":"2025-11-13T07:26:58.515Z"}
{"gasPrice":"1607434243","level":"info","message":"Transaction sent","nonce":13,"timestamp":"2025-11-13T07:26:58.577Z","txHash":"0x766764acde83a37d8275e5b3789dafa75c20514944fe107fb4a540b6009318ed"}
{"gasPrice":"0","id":"tx_1763018818514_jnk4nv4rr","level":"info","message":"Transaction submitted","nonce":0,"timestamp":"2025-11-13T07:26:58.577Z","txHash":"0x766764acde83a37d8275e5b3789dafa75c20514944fe107fb4a540b6009318ed"}
{"duration":"66ms","ip":"::1","level":"info","message":"HTTP Request","method":"POST","path":"/api/v1/submit","status":200,"timestamp":"2025-11-13T07:26:58.579Z"}
{"level":"info","message":"Received relay request","priority":"standard","request":{"amount":"0.01","from":"0xf39Fd6e51aad88F6F4ce6aB8827279cffFb92266","to":"0x70997970C51812dc3A010C7d01b50e0d17dc79C8","type":"transfer"},"timestamp":"2025-11-13T07:26:58.593Z"}
{"id":"tx_1763018818593_y093k1wmw","level":"info","message":"Transaction enqueued","priority":5,"queueSize":4,"timestamp":"2025-11-13T07:26:58.593Z"}
{"id":"tx_1763018818593_y093k1wmw","level":"info","message":"Transaction marked as processing","timestamp":"2025-11-13T07:26:58.594Z"}
{"level":"info","message":"Relaying transaction","priority":"standard","request":{"amount":"0.01","from":"0xf39Fd6e51aad88F6F4ce6aB8827279cffFb92266","to":"0x70997970C51812dc3A010C7d01b50e0d17dc79C8","type":"transfer"},"timestamp":"2025-11-13T07:26:58.594Z"}
{"gasPrice":"1607434243","level":"info","message":"Transaction sent","nonce":14,"timestamp":"2025-11-13T07:26:58.669Z","txHash":"0x9874d16e9d54d47ef0fbe78bab116b227a5d42dc5d3ed88182c8a932c3a64b63"}
{"gasPrice":"0","id":"tx_1763018818593_y093k1wmw","level":"info","message":"Transaction submitted","nonce":0,"timestamp":"2025-11-13T07:26:58.669Z","txHash":"0x9874d16e9d54d47ef0fbe78bab116b227a5d42dc5d3ed88182c8a932c3a64b63"}
{"duration":"78ms","ip":"::1","level":"info","message":"HTTP Request","method":"POST","path":"/api/v1/submit","status":200,"timestamp":"2025-11-13T07:26:58.671Z"}
{"level":"info","message":"Received relay request","priority":"standard","request":{"amount":"0.01","from":"0xf39Fd6e51aad88F6F4ce6aB8827279cffFb92266","to":"0x70997970C51812dc3A010C7d01b50e0d17dc79C8","type":"transfer"},"timestamp":"2025-11-13T07:26:58.685Z"}
{"id":"tx_1763018818685_9aztprr2e","level":"info","message":"Transaction enqueued","priority":5,"queueSize":5,"timestamp":"2025-11-13T07:26:58.686Z"}
{"id":"tx_1763018818685_9aztprr2e","level":"info","message":"Transaction marked as processing","timestamp":"2025-11-13T07:26:58.686Z"}
{"level":"info","message":"Relaying transaction","priority":"standard","request":{"amount":"0.01","from":"0xf39Fd6e51aad88F6F4ce6aB8827279cffFb92266","to":"0x70997970C51812dc3A010C7d01b50e0d17dc79C8","type":"transfer"},"timestamp":"2025-11-13T07:26:58.687Z"}
{"gasPrice":"1607434243","level":"info","message":"Transaction sent","nonce":15,"timestamp":"2025-11-13T07:26:58.763Z","txHash":"0xc0bfd81b1d5afe1a28c227362fd4c9770a5c2f84fe7eebe312d64f1eb15fe69d"}
{"gasPrice":"0","id":"tx_1763018818685_9aztprr2e","level":"info","message":"Transaction submitted","nonce":0,"timestamp":"2025-11-13T07:26:58.763Z","txHash":"0xc0bfd81b1d5afe1a28c227362fd4c9770a5c2f84fe7eebe312d64f1eb15fe69d"}
{"duration":"80ms","ip":"::1","level":"info","message":"HTTP Request","method":"POST","path":"/api/v1/submit","status":200,"timestamp":"2025-11-13T07:26:58.765Z"}
{"amount":"0.01","key":"::1","level":"warn","message":"Spam detected","timestamp":"2025-11-13T07:26:58.777Z","to":"0x70997970C51812dc3A010C7d01b50e0d17dc79C8"}
{"duration":"1ms","ip":"::1","level":"info","message":"HTTP Request","method":"POST","path":"/","status":429,"timestamp":"2025-11-13T07:26:58.778Z"}
{"amount":"0.01","key":"::1","level":"warn","message":"Spam detected","timestamp":"2025-11-13T07:26:58.797Z","to":"0x70997970C51812dc3A010C7d01b50e0d17dc79C8"}
{"duration":"1ms","ip":"::1","level":"info","message":"HTTP Request","method":"POST","path":"/","status":429,"timestamp":"2025-11-13T07:26:58.797Z"}
{"amount":"0.01","key":"::1","level":"warn","message":"Spam detected","timestamp":"2025-11-13T07:26:58.814Z","to":"0x70997970C51812dc3A010C7d01b50e0d17dc79C8"}
{"duration":"0ms","ip":"::1","level":"info","message":"HTTP Request","method":"POST","path":"/","status":429,"timestamp":"2025-11-13T07:26:58.814Z"}
{"amount":"0.01","key":"::1","level":"warn","message":"Spam detected","timestamp":"2025-11-13T07:26:58.838Z","to":"0x70997970C51812dc3A010C7d01b50e0d17dc79C8"}
{"duration":"1ms","ip":"::1","level":"info","message":"HTTP Request","method":"POST","path":"/","status":429,"timestamp":"2025-11-13T07:26:58.838Z"}
{"amount":"0.01","key":"::1","level":"warn","message":"Spam detected","timestamp":"2025-11-13T07:26:58.862Z","to":"0x70997970C51812dc3A010C7d01b50e0d17dc79C8"}
{"duration":"1ms","ip":"::1","level":"info","message":"HTTP Request","method":"POST","path":"/","status":429,"timestamp":"2025-11-13T07:26:58.863Z"}
{"count":11,"key":"::1","level":"warn","message":"Rate limit exceeded","resetIn":60,"timestamp":"2025-11-13T07:26:58.878Z"}
{"duration":"1ms","ip":"::1","level":"info","message":"HTTP Request","method":"POST","path":"/","status":429,"timestamp":"2025-11-13T07:26:58.879Z"}
{"count":12,"key":"::1","level":"warn","message":"Rate limit exceeded","resetIn":60,"timestamp":"2025-11-13T07:26:58.902Z"}
{"duration":"0ms","ip":"::1","level":"info","message":"HTTP Request","method":"POST","path":"/","status":429,"timestamp":"2025-11-13T07:26:58.902Z"}
{"count":13,"key":"::1","level":"warn","message":"Rate limit exceeded","resetIn":60,"timestamp":"2025-11-13T07:26:58.921Z"}
{"duration":"0ms","ip":"::1","level":"info","message":"HTTP Request","method":"POST","path":"/","status":429,"timestamp":"2025-11-13T07:26:58.921Z"}
{"count":14,"key":"::1","level":"warn","message":"Rate limit exceeded","resetIn":60,"timestamp":"2025-11-13T07:26:58.936Z"}
{"duration":"1ms","ip":"::1","level":"info","message":"HTTP Request","method":"POST","path":"/","status":429,"timestamp":"2025-11-13T07:26:58.937Z"}
{"count":15,"key":"::1","level":"warn","message":"Rate limit exceeded","resetIn":60,"timestamp":"2025-11-13T07:26:58.954Z"}
{"duration":"0ms","ip":"::1","level":"info","message":"HTTP Request","method":"POST","path":"/","status":429,"timestamp":"2025-11-13T07:26:58.954Z"}
{"level":"info","message":"Initializing Relayer Service...","timestamp":"2025-11-15T08:50:24.659Z"}
{"address":"0xf39Fd6e51aad88F6F4ce6aB8827279cffFb92266","level":"info","message":"RelayService initialized","nonce":0,"timestamp":"2025-11-15T08:50:24.738Z"}
{"address":"0xf39Fd6e51aad88F6F4ce6aB8827279cffFb92266","balance":"10000.0 ETH","level":"info","message":"Relayer initialized","nonce":0,"timestamp":"2025-11-15T08:50:24.755Z"}
{"level":"info","message":"Relayer service running on port 3001","timestamp":"2025-11-15T08:50:24.760Z"}
{"level":"info","message":"Health check: http://localhost:3001/health","timestamp":"2025-11-15T08:50:24.761Z"}
{"level":"info","message":"Info endpoint: http://localhost:3001/info","timestamp":"2025-11-15T08:50:24.761Z"}
{"level":"info","message":"Submit endpoint: http://localhost:3001/api/v1/submit","timestamp":"2025-11-15T08:50:24.761Z"}
{"level":"info","message":"Status endpoint: http://localhost:3001/api/v1/status/:txId","timestamp":"2025-11-15T08:50:24.762Z"}
{"level":"info","message":"Queue stats: http://localhost:3001/api/v1/queue/stats","timestamp":"2025-11-15T08:50:24.762Z"}
